Flow report for address_flash_sim
Fri Jun 09 12:18:18 2023
Quartus Prime Version 18.1.0 Build 625 09/12/2018 SJ Lite Edition


---------------------
; Table of Contents ;
---------------------
  1. Legal Notice
  2. Flow Summary
  3. Flow Settings
  4. Flow Non-Default Global Settings
  5. Flow Elapsed Time
  6. Flow OS Summary
  7. Flow Log
  8. Flow Messages
  9. Flow Suppressed Messages



----------------
; Legal Notice ;
----------------
Copyright (C) 2018  Intel Corporation. All rights reserved.
Your use of Intel Corporation's design tools, logic functions 
and other software and tools, and its AMPP partner logic 
functions, and any output files from any of the foregoing 
(including device programming or simulation files), and any 
associated documentation or information are expressly subject 
to the terms and conditions of the Intel Program License 
Subscription Agreement, the Intel Quartus Prime License Agreement,
the Intel FPGA IP License Agreement, or other applicable license
agreement, including, without limitation, that your use is for
the sole purpose of programming logic devices manufactured by
Intel and sold by Intel or its authorized distributors.  Please
refer to the applicable agreement for further details.



+-------------------------------------------------------------------------------+
; Flow Summary                                                                  ;
+---------------------------------+---------------------------------------------+
; Flow Status                     ; Successful - Fri Jun 09 12:18:18 2023       ;
; Quartus Prime Version           ; 18.1.0 Build 625 09/12/2018 SJ Lite Edition ;
; Revision Name                   ; address_flash_sim                           ;
; Top-level Entity Name           ; address_flash_sim                           ;
; Family                          ; Cyclone V                                   ;
; Device                          ; 5CGXFC7C7F23C8                              ;
; Timing Models                   ; Final                                       ;
; Logic utilization (in ALMs)     ; 44 / 56,480 ( < 1 % )                       ;
; Total registers                 ; 37                                          ;
; Total pins                      ; 76 / 268 ( 28 % )                           ;
; Total virtual pins              ; 0                                           ;
; Total block memory bits         ; 0 / 7,024,640 ( 0 % )                       ;
; Total DSP Blocks                ; 0 / 156 ( 0 % )                             ;
; Total HSSI RX PCSs              ; 0 / 6 ( 0 % )                               ;
; Total HSSI PMA RX Deserializers ; 0 / 6 ( 0 % )                               ;
; Total HSSI TX PCSs              ; 0 / 6 ( 0 % )                               ;
; Total HSSI PMA TX Serializers   ; 0 / 6 ( 0 % )                               ;
; Total PLLs                      ; 0 / 13 ( 0 % )                              ;
; Total DLLs                      ; 0 / 4 ( 0 % )                               ;
+---------------------------------+---------------------------------------------+


+-----------------------------------------+
; Flow Settings                           ;
+-------------------+---------------------+
; Option            ; Setting             ;
+-------------------+---------------------+
; Start date & time ; 06/09/2023 09:13:56 ;
; Main task         ; Compilation         ;
; Revision Name     ; address_flash_sim   ;
+-------------------+---------------------+


+-------------------------------------------------------------------------------------------------------------------------+
; Flow Non-Default Global Settings                                                                                        ;
+-------------------------------------+----------------------------------------+---------------+-------------+------------+
; Assignment Name                     ; Value                                  ; Default Value ; Entity Name ; Section Id ;
+-------------------------------------+----------------------------------------+---------------+-------------+------------+
; COMPILER_SIGNATURE_ID               ; 242011232693139.168632723610936        ; --            ; --          ; --         ;
; PARTITION_COLOR                     ; -- (Not supported for targeted family) ; --            ; --          ; Top        ;
; PARTITION_FITTER_PRESERVATION_LEVEL ; -- (Not supported for targeted family) ; --            ; --          ; Top        ;
; PARTITION_NETLIST_TYPE              ; -- (Not supported for targeted family) ; --            ; --          ; Top        ;
; PROJECT_OUTPUT_DIRECTORY            ; output_files                           ; --            ; --          ; --         ;
+-------------------------------------+----------------------------------------+---------------+-------------+------------+


+--------------------------------------------------------------------------------------------------------------------------+
; Flow Elapsed Time                                                                                                        ;
+----------------------+--------------+-------------------------+---------------------+------------------------------------+
; Module Name          ; Elapsed Time ; Average Processors Used ; Peak Virtual Memory ; Total CPU Time (on all processors) ;
+----------------------+--------------+-------------------------+---------------------+------------------------------------+
; Analysis & Synthesis ; 00:00:11     ; 1.0                     ; 4828 MB             ; 00:00:09                           ;
; Fitter               ; 00:00:42     ; 1.0                     ; 6720 MB             ; 00:00:42                           ;
; Assembler            ; 00:00:07     ; 1.0                     ; 4827 MB             ; 00:00:05                           ;
; Timing Analyzer      ; 00:00:07     ; 1.1                     ; 5186 MB             ; 00:00:04                           ;
; EDA Netlist Writer   ; 00:00:00     ; 1.0                     ; 4713 MB             ; 00:00:00                           ;
; EDA Netlist Writer   ; 00:00:00     ; 1.0                     ; 4722 MB             ; 00:00:00                           ;
; Total                ; 00:01:07     ; --                      ; --                  ; 00:01:00                           ;
+----------------------+--------------+-------------------------+---------------------+------------------------------------+


+------------------------------------------------------------------------------------+
; Flow OS Summary                                                                    ;
+----------------------+------------------+------------+------------+----------------+
; Module Name          ; Machine Hostname ; OS Name    ; OS Version ; Processor type ;
+----------------------+------------------+------------+------------+----------------+
; Analysis & Synthesis ; RickyMateBook14  ; Windows 10 ; 10.0       ; x86_64         ;
; Fitter               ; RickyMateBook14  ; Windows 10 ; 10.0       ; x86_64         ;
; Assembler            ; RickyMateBook14  ; Windows 10 ; 10.0       ; x86_64         ;
; Timing Analyzer      ; RickyMateBook14  ; Windows 10 ; 10.0       ; x86_64         ;
; EDA Netlist Writer   ; RickyMateBook14  ; Windows 10 ; 10.0       ; x86_64         ;
; EDA Netlist Writer   ; RickyMateBook14  ; Windows 10 ; 10.0       ; x86_64         ;
+----------------------+------------------+------------+------------+----------------+


------------
; Flow Log ;
------------
quartus_map --read_settings_files=on --write_settings_files=off address_flash_sim -c address_flash_sim
quartus_fit --read_settings_files=off --write_settings_files=off address_flash_sim -c address_flash_sim
quartus_asm --read_settings_files=off --write_settings_files=off address_flash_sim -c address_flash_sim
quartus_sta address_flash_sim -c address_flash_sim
quartus_eda --gen_testbench --tool=modelsim_oem --format=verilog --write_settings_files=off address_flash_sim -c address_flash_sim --vector_source=D:/cpen311/lab2_template_de1soc/template_de1soc/simulation_wave/address_flash_sim/Waveform.vwf --testbench_file=D:/cpen311/lab2_template_de1soc/template_de1soc/simulation_wave/address_flash_sim/simulation/qsim/Waveform.vwf.vt
quartus_eda --write_settings_files=off --simulation=on --functional=on --flatten_buses=off --tool=modelsim_oem --format=verilog --output_directory=D:/cpen311/lab2_template_de1soc/template_de1soc/simulation_wave/address_flash_sim/simulation/qsim/ address_flash_sim -c address_flash_sim



