Flow report for master_fsm_sim
Mon Jun 19 15:05:12 2023
Quartus Prime Version 18.1.0 Build 625 09/12/2018 SJ Lite Edition


---------------------
; Table of Contents ;
---------------------
  1. Legal Notice
  2. Flow Summary
  3. Flow Settings
  4. Flow Non-Default Global Settings
  5. Flow Elapsed Time
  6. Flow OS Summary
  7. Flow Log
  8. Flow Messages
  9. Flow Suppressed Messages



----------------
; Legal Notice ;
----------------
Copyright (C) 2018  Intel Corporation. All rights reserved.
Your use of Intel Corporation's design tools, logic functions 
and other software and tools, and its AMPP partner logic 
functions, and any output files from any of the foregoing 
(including device programming or simulation files), and any 
associated documentation or information are expressly subject 
to the terms and conditions of the Intel Program License 
Subscription Agreement, the Intel Quartus Prime License Agreement,
the Intel FPGA IP License Agreement, or other applicable license
agreement, including, without limitation, that your use is for
the sole purpose of programming logic devices manufactured by
Intel and sold by Intel or its authorized distributors.  Please
refer to the applicable agreement for further details.



+-------------------------------------------------------------------------------+
; Flow Summary                                                                  ;
+---------------------------------+---------------------------------------------+
; Flow Status                     ; Successful - Mon Jun 19 15:05:12 2023       ;
; Quartus Prime Version           ; 18.1.0 Build 625 09/12/2018 SJ Lite Edition ;
; Revision Name                   ; master_fsm_sim                              ;
; Top-level Entity Name           ; master_fsm_sim                              ;
; Family                          ; Cyclone V                                   ;
; Device                          ; 5CGXFC7C7F23C8                              ;
; Timing Models                   ; Final                                       ;
; Logic utilization (in ALMs)     ; 38 / 56,480 ( < 1 % )                       ;
; Total registers                 ; 43                                          ;
; Total pins                      ; 38 / 268 ( 14 % )                           ;
; Total virtual pins              ; 0                                           ;
; Total block memory bits         ; 0 / 7,024,640 ( 0 % )                       ;
; Total DSP Blocks                ; 0 / 156 ( 0 % )                             ;
; Total HSSI RX PCSs              ; 0 / 6 ( 0 % )                               ;
; Total HSSI PMA RX Deserializers ; 0 / 6 ( 0 % )                               ;
; Total HSSI TX PCSs              ; 0 / 6 ( 0 % )                               ;
; Total HSSI PMA TX Serializers   ; 0 / 6 ( 0 % )                               ;
; Total PLLs                      ; 0 / 13 ( 0 % )                              ;
; Total DLLs                      ; 0 / 4 ( 0 % )                               ;
+---------------------------------+---------------------------------------------+


+-----------------------------------------+
; Flow Settings                           ;
+-------------------+---------------------+
; Option            ; Setting             ;
+-------------------+---------------------+
; Start date & time ; 06/19/2023 14:57:34 ;
; Main task         ; Compilation         ;
; Revision Name     ; master_fsm_sim      ;
+-------------------+---------------------+


+-------------------------------------------------------------------------------------------------------------------------+
; Flow Non-Default Global Settings                                                                                        ;
+-------------------------------------+----------------------------------------+---------------+-------------+------------+
; Assignment Name                     ; Value                                  ; Default Value ; Entity Name ; Section Id ;
+-------------------------------------+----------------------------------------+---------------+-------------+------------+
; COMPILER_SIGNATURE_ID               ; 242011232693139.168721185431332        ; --            ; --          ; --         ;
; PARTITION_COLOR                     ; -- (Not supported for targeted family) ; --            ; --          ; Top        ;
; PARTITION_FITTER_PRESERVATION_LEVEL ; -- (Not supported for targeted family) ; --            ; --          ; Top        ;
; PARTITION_NETLIST_TYPE              ; -- (Not supported for targeted family) ; --            ; --          ; Top        ;
; PROJECT_OUTPUT_DIRECTORY            ; output_files                           ; --            ; --          ; --         ;
+-------------------------------------+----------------------------------------+---------------+-------------+------------+


+--------------------------------------------------------------------------------------------------------------------------+
; Flow Elapsed Time                                                                                                        ;
+----------------------+--------------+-------------------------+---------------------+------------------------------------+
; Module Name          ; Elapsed Time ; Average Processors Used ; Peak Virtual Memory ; Total CPU Time (on all processors) ;
+----------------------+--------------+-------------------------+---------------------+------------------------------------+
; Analysis & Synthesis ; 00:00:15     ; 1.0                     ; 4831 MB             ; 00:00:10                           ;
; Fitter               ; 00:01:05     ; 1.0                     ; 6775 MB             ; 00:01:03                           ;
; Assembler            ; 00:00:17     ; 1.0                     ; 4821 MB             ; 00:00:07                           ;
; Timing Analyzer      ; 00:00:17     ; 1.1                     ; 5196 MB             ; 00:00:09                           ;
; EDA Netlist Writer   ; 00:00:01     ; 1.0                     ; 4711 MB             ; 00:00:01                           ;
; EDA Netlist Writer   ; 00:00:01     ; 1.0                     ; 4720 MB             ; 00:00:01                           ;
; EDA Netlist Writer   ; 00:00:01     ; 1.0                     ; 4709 MB             ; 00:00:01                           ;
; EDA Netlist Writer   ; 00:00:02     ; 1.0                     ; 4720 MB             ; 00:00:00                           ;
; Total                ; 00:01:59     ; --                      ; --                  ; 00:01:32                           ;
+----------------------+--------------+-------------------------+---------------------+------------------------------------+


+------------------------------------------------------------------------------------+
; Flow OS Summary                                                                    ;
+----------------------+------------------+------------+------------+----------------+
; Module Name          ; Machine Hostname ; OS Name    ; OS Version ; Processor type ;
+----------------------+------------------+------------+------------+----------------+
; Analysis & Synthesis ; RickyMateBook14  ; Windows 10 ; 10.0       ; x86_64         ;
; Fitter               ; RickyMateBook14  ; Windows 10 ; 10.0       ; x86_64         ;
; Assembler            ; RickyMateBook14  ; Windows 10 ; 10.0       ; x86_64         ;
; Timing Analyzer      ; RickyMateBook14  ; Windows 10 ; 10.0       ; x86_64         ;
; EDA Netlist Writer   ; RickyMateBook14  ; Windows 10 ; 10.0       ; x86_64         ;
; EDA Netlist Writer   ; RickyMateBook14  ; Windows 10 ; 10.0       ; x86_64         ;
; EDA Netlist Writer   ; RickyMateBook14  ; Windows 10 ; 10.0       ; x86_64         ;
; EDA Netlist Writer   ; RickyMateBook14  ; Windows 10 ; 10.0       ; x86_64         ;
+----------------------+------------------+------------+------------+----------------+


------------
; Flow Log ;
------------
quartus_map --read_settings_files=on --write_settings_files=off master_fsm_sim -c master_fsm_sim
quartus_fit --read_settings_files=off --write_settings_files=off master_fsm_sim -c master_fsm_sim
quartus_asm --read_settings_files=off --write_settings_files=off master_fsm_sim -c master_fsm_sim
quartus_sta master_fsm_sim -c master_fsm_sim
quartus_eda --gen_testbench --tool=modelsim_oem --format=verilog --write_settings_files=off master_fsm_sim -c master_fsm_sim --vector_source=D:/cpen311/lab4_template_de1soc/simulation_wave/master_fsm_sim/Waveform.vwf --testbench_file=D:/cpen311/lab4_template_de1soc/simulation_wave/master_fsm_sim/simulation/qsim/Waveform.vwf.vt
quartus_eda --write_settings_files=off --simulation=on --functional=on --flatten_buses=off --tool=modelsim_oem --format=verilog --output_directory=D:/cpen311/lab4_template_de1soc/simulation_wave/master_fsm_sim/simulation/qsim/ master_fsm_sim -c master_fsm_sim
quartus_eda --gen_testbench --tool=modelsim_oem --format=verilog --write_settings_files=off master_fsm_sim -c master_fsm_sim --vector_source=D:/cpen311/lab4_template_de1soc/simulation_wave/master_fsm_sim/Waveform.vwf --testbench_file=D:/cpen311/lab4_template_de1soc/simulation_wave/master_fsm_sim/simulation/qsim/Waveform.vwf.vt
quartus_eda --write_settings_files=off --simulation=on --functional=on --flatten_buses=off --tool=modelsim_oem --format=verilog --output_directory=D:/cpen311/lab4_template_de1soc/simulation_wave/master_fsm_sim/simulation/qsim/ master_fsm_sim -c master_fsm_sim



